<?xml version="1.0" encoding="UTF-8"?>
<testng-results skipped="0" failed="0" ignored="0" total="20" passed="20">
  <reporter-output>
  </reporter-output>
  <suite name="book-flight-module" duration-ms="44152" started-at="2019-12-01T16:09:13 BRT" finished-at="2019-12-01T16:09:57 BRT">
    <groups>
    </groups>
    <test name="book-flight-1" duration-ms="18039" started-at="2019-12-01T16:09:13 BRT" finished-at="2019-12-01T16:09:31 BRT">
      <class name="com.newtours.tests.BookFlightTest">
        <test-method status="PASS" signature="init()[pri:0, instance:com.newtours.tests.BookFlightTest@35d176f7]" name="init" is-config="true" duration-ms="11" started-at="2019-12-01T16:09:13 BRT" finished-at="2019-12-01T16:09:13 BRT">
          <reporter-output>
          </reporter-output>
        </test-method> <!-- init -->
        <test-method status="PASS" signature="registrationPage()[pri:0, instance:com.newtours.tests.BookFlightTest@35d176f7]" name="registrationPage" duration-ms="13646" started-at="2019-12-01T16:09:13 BRT" finished-at="2019-12-01T16:09:27 BRT">
          <reporter-output>
          </reporter-output>
        </test-method> <!-- registrationPage -->
        <test-method status="PASS" signature="registrationConfirmationPage()[pri:0, instance:com.newtours.tests.BookFlightTest@35d176f7]" name="registrationConfirmationPage" duration-ms="742" started-at="2019-12-01T16:09:27 BRT" depends-on-methods="com.newtours.tests.BookFlightTest.registrationPage" finished-at="2019-12-01T16:09:28 BRT">
          <reporter-output>
          </reporter-output>
        </test-method> <!-- registrationConfirmationPage -->
        <test-method status="PASS" signature="flightDetailsPage(java.lang.String)[pri:0, instance:com.newtours.tests.BookFlightTest@35d176f7]" name="flightDetailsPage" duration-ms="802" started-at="2019-12-01T16:09:28 BRT" depends-on-methods="com.newtours.tests.BookFlightTest.registrationConfirmationPage" finished-at="2019-12-01T16:09:28 BRT">
          <params>
            <param index="0">
              <value>
                <![CDATA[1]]>
              </value>
            </param>
          </params>
          <reporter-output>
          </reporter-output>
        </test-method> <!-- flightDetailsPage -->
        <test-method status="PASS" signature="findFlightPage()[pri:0, instance:com.newtours.tests.BookFlightTest@35d176f7]" name="findFlightPage" duration-ms="1692" started-at="2019-12-01T16:09:28 BRT" depends-on-methods="com.newtours.tests.BookFlightTest.flightDetailsPage" finished-at="2019-12-01T16:09:30 BRT">
          <reporter-output>
          </reporter-output>
        </test-method> <!-- findFlightPage -->
        <test-method status="PASS" signature="flightConfirmationPage(java.lang.String)[pri:0, instance:com.newtours.tests.BookFlightTest@35d176f7]" name="flightConfirmationPage" duration-ms="1022" started-at="2019-12-01T16:09:30 BRT" depends-on-methods="com.newtours.tests.BookFlightTest.findFlightPage" finished-at="2019-12-01T16:09:31 BRT">
          <params>
            <param index="0">
              <value>
                <![CDATA[$584 USD]]>
              </value>
            </param>
          </params>
          <reporter-output>
          </reporter-output>
        </test-method> <!-- flightConfirmationPage -->
        <test-method status="PASS" signature="down()[pri:0, instance:com.newtours.tests.BookFlightTest@35d176f7]" name="down" is-config="true" duration-ms="67" started-at="2019-12-01T16:09:31 BRT" finished-at="2019-12-01T16:09:31 BRT">
          <reporter-output>
          </reporter-output>
        </test-method> <!-- down -->
      </class> <!-- com.newtours.tests.BookFlightTest -->
    </test> <!-- book-flight-1 -->
    <test name="book-flight-2" duration-ms="8974" started-at="2019-12-01T16:09:31 BRT" finished-at="2019-12-01T16:09:40 BRT">
      <class name="com.newtours.tests.BookFlightTest">
        <test-method status="PASS" signature="init()[pri:0, instance:com.newtours.tests.BookFlightTest@71bbf57e]" name="init" is-config="true" duration-ms="1" started-at="2019-12-01T16:09:31 BRT" finished-at="2019-12-01T16:09:31 BRT">
          <reporter-output>
          </reporter-output>
        </test-method> <!-- init -->
        <test-method status="PASS" signature="registrationPage()[pri:0, instance:com.newtours.tests.BookFlightTest@71bbf57e]" name="registrationPage" duration-ms="4261" started-at="2019-12-01T16:09:31 BRT" finished-at="2019-12-01T16:09:35 BRT">
          <reporter-output>
          </reporter-output>
        </test-method> <!-- registrationPage -->
        <test-method status="PASS" signature="registrationConfirmationPage()[pri:0, instance:com.newtours.tests.BookFlightTest@71bbf57e]" name="registrationConfirmationPage" duration-ms="707" started-at="2019-12-01T16:09:35 BRT" depends-on-methods="com.newtours.tests.BookFlightTest.registrationPage" finished-at="2019-12-01T16:09:36 BRT">
          <reporter-output>
          </reporter-output>
        </test-method> <!-- registrationConfirmationPage -->
        <test-method status="PASS" signature="flightDetailsPage(java.lang.String)[pri:0, instance:com.newtours.tests.BookFlightTest@71bbf57e]" name="flightDetailsPage" duration-ms="759" started-at="2019-12-01T16:09:36 BRT" depends-on-methods="com.newtours.tests.BookFlightTest.registrationConfirmationPage" finished-at="2019-12-01T16:09:37 BRT">
          <params>
            <param index="0">
              <value>
                <![CDATA[2]]>
              </value>
            </param>
          </params>
          <reporter-output>
          </reporter-output>
        </test-method> <!-- flightDetailsPage -->
        <test-method status="PASS" signature="findFlightPage()[pri:0, instance:com.newtours.tests.BookFlightTest@71bbf57e]" name="findFlightPage" duration-ms="2114" started-at="2019-12-01T16:09:37 BRT" depends-on-methods="com.newtours.tests.BookFlightTest.flightDetailsPage" finished-at="2019-12-01T16:09:39 BRT">
          <reporter-output>
          </reporter-output>
        </test-method> <!-- findFlightPage -->
        <test-method status="PASS" signature="flightConfirmationPage(java.lang.String)[pri:0, instance:com.newtours.tests.BookFlightTest@71bbf57e]" name="flightConfirmationPage" duration-ms="960" started-at="2019-12-01T16:09:39 BRT" depends-on-methods="com.newtours.tests.BookFlightTest.findFlightPage" finished-at="2019-12-01T16:09:40 BRT">
          <params>
            <param index="0">
              <value>
                <![CDATA[$1169 USD]]>
              </value>
            </param>
          </params>
          <reporter-output>
          </reporter-output>
        </test-method> <!-- flightConfirmationPage -->
        <test-method status="PASS" signature="down()[pri:0, instance:com.newtours.tests.BookFlightTest@71bbf57e]" name="down" is-config="true" duration-ms="158" started-at="2019-12-01T16:09:40 BRT" finished-at="2019-12-01T16:09:40 BRT">
          <reporter-output>
          </reporter-output>
        </test-method> <!-- down -->
      </class> <!-- com.newtours.tests.BookFlightTest -->
    </test> <!-- book-flight-2 -->
    <test name="book-flight-3" duration-ms="8439" started-at="2019-12-01T16:09:40 BRT" finished-at="2019-12-01T16:09:49 BRT">
      <class name="com.newtours.tests.BookFlightTest">
        <test-method status="PASS" signature="init()[pri:0, instance:com.newtours.tests.BookFlightTest@48503868]" name="init" is-config="true" duration-ms="0" started-at="2019-12-01T16:09:40 BRT" finished-at="2019-12-01T16:09:40 BRT">
          <reporter-output>
          </reporter-output>
        </test-method> <!-- init -->
        <test-method status="PASS" signature="registrationPage()[pri:0, instance:com.newtours.tests.BookFlightTest@48503868]" name="registrationPage" duration-ms="4254" started-at="2019-12-01T16:09:40 BRT" finished-at="2019-12-01T16:09:44 BRT">
          <reporter-output>
          </reporter-output>
        </test-method> <!-- registrationPage -->
        <test-method status="PASS" signature="registrationConfirmationPage()[pri:0, instance:com.newtours.tests.BookFlightTest@48503868]" name="registrationConfirmationPage" duration-ms="700" started-at="2019-12-01T16:09:45 BRT" depends-on-methods="com.newtours.tests.BookFlightTest.registrationPage" finished-at="2019-12-01T16:09:45 BRT">
          <reporter-output>
          </reporter-output>
        </test-method> <!-- registrationConfirmationPage -->
        <test-method status="PASS" signature="flightDetailsPage(java.lang.String)[pri:0, instance:com.newtours.tests.BookFlightTest@48503868]" name="flightDetailsPage" duration-ms="733" started-at="2019-12-01T16:09:45 BRT" depends-on-methods="com.newtours.tests.BookFlightTest.registrationConfirmationPage" finished-at="2019-12-01T16:09:46 BRT">
          <params>
            <param index="0">
              <value>
                <![CDATA[3]]>
              </value>
            </param>
          </params>
          <reporter-output>
          </reporter-output>
        </test-method> <!-- flightDetailsPage -->
        <test-method status="PASS" signature="findFlightPage()[pri:0, instance:com.newtours.tests.BookFlightTest@48503868]" name="findFlightPage" duration-ms="1663" started-at="2019-12-01T16:09:46 BRT" depends-on-methods="com.newtours.tests.BookFlightTest.flightDetailsPage" finished-at="2019-12-01T16:09:48 BRT">
          <reporter-output>
          </reporter-output>
        </test-method> <!-- findFlightPage -->
        <test-method status="PASS" signature="flightConfirmationPage(java.lang.String)[pri:0, instance:com.newtours.tests.BookFlightTest@48503868]" name="flightConfirmationPage" duration-ms="918" started-at="2019-12-01T16:09:48 BRT" depends-on-methods="com.newtours.tests.BookFlightTest.findFlightPage" finished-at="2019-12-01T16:09:49 BRT">
          <params>
            <param index="0">
              <value>
                <![CDATA[$1753 USD]]>
              </value>
            </param>
          </params>
          <reporter-output>
          </reporter-output>
        </test-method> <!-- flightConfirmationPage -->
        <test-method status="PASS" signature="down()[pri:0, instance:com.newtours.tests.BookFlightTest@48503868]" name="down" is-config="true" duration-ms="161" started-at="2019-12-01T16:09:49 BRT" finished-at="2019-12-01T16:09:49 BRT">
          <reporter-output>
          </reporter-output>
        </test-method> <!-- down -->
      </class> <!-- com.newtours.tests.BookFlightTest -->
    </test> <!-- book-flight-3 -->
    <test name="book-flight-4" duration-ms="8579" started-at="2019-12-01T16:09:49 BRT" finished-at="2019-12-01T16:09:57 BRT">
      <class name="com.newtours.tests.BookFlightTest">
        <test-method status="PASS" signature="init()[pri:0, instance:com.newtours.tests.BookFlightTest@1d29cf23]" name="init" is-config="true" duration-ms="1" started-at="2019-12-01T16:09:49 BRT" finished-at="2019-12-01T16:09:49 BRT">
          <reporter-output>
          </reporter-output>
        </test-method> <!-- init -->
        <test-method status="PASS" signature="registrationPage()[pri:0, instance:com.newtours.tests.BookFlightTest@1d29cf23]" name="registrationPage" duration-ms="4416" started-at="2019-12-01T16:09:49 BRT" finished-at="2019-12-01T16:09:53 BRT">
          <reporter-output>
          </reporter-output>
        </test-method> <!-- registrationPage -->
        <test-method status="PASS" signature="registrationConfirmationPage()[pri:0, instance:com.newtours.tests.BookFlightTest@1d29cf23]" name="registrationConfirmationPage" duration-ms="700" started-at="2019-12-01T16:09:53 BRT" depends-on-methods="com.newtours.tests.BookFlightTest.registrationPage" finished-at="2019-12-01T16:09:54 BRT">
          <reporter-output>
          </reporter-output>
        </test-method> <!-- registrationConfirmationPage -->
        <test-method status="PASS" signature="flightDetailsPage(java.lang.String)[pri:0, instance:com.newtours.tests.BookFlightTest@1d29cf23]" name="flightDetailsPage" duration-ms="771" started-at="2019-12-01T16:09:54 BRT" depends-on-methods="com.newtours.tests.BookFlightTest.registrationConfirmationPage" finished-at="2019-12-01T16:09:55 BRT">
          <params>
            <param index="0">
              <value>
                <![CDATA[4]]>
              </value>
            </param>
          </params>
          <reporter-output>
          </reporter-output>
        </test-method> <!-- flightDetailsPage -->
        <test-method status="PASS" signature="findFlightPage()[pri:0, instance:com.newtours.tests.BookFlightTest@1d29cf23]" name="findFlightPage" duration-ms="1700" started-at="2019-12-01T16:09:55 BRT" depends-on-methods="com.newtours.tests.BookFlightTest.flightDetailsPage" finished-at="2019-12-01T16:09:56 BRT">
          <reporter-output>
          </reporter-output>
        </test-method> <!-- findFlightPage -->
        <test-method status="PASS" signature="flightConfirmationPage(java.lang.String)[pri:0, instance:com.newtours.tests.BookFlightTest@1d29cf23]" name="flightConfirmationPage" duration-ms="928" started-at="2019-12-01T16:09:56 BRT" depends-on-methods="com.newtours.tests.BookFlightTest.findFlightPage" finished-at="2019-12-01T16:09:57 BRT">
          <params>
            <param index="0">
              <value>
                <![CDATA[$2338 USD]]>
              </value>
            </param>
          </params>
          <reporter-output>
          </reporter-output>
        </test-method> <!-- flightConfirmationPage -->
        <test-method status="PASS" signature="down()[pri:0, instance:com.newtours.tests.BookFlightTest@1d29cf23]" name="down" is-config="true" duration-ms="58" started-at="2019-12-01T16:09:57 BRT" finished-at="2019-12-01T16:09:57 BRT">
          <reporter-output>
          </reporter-output>
        </test-method> <!-- down -->
      </class> <!-- com.newtours.tests.BookFlightTest -->
    </test> <!-- book-flight-4 -->
  </suite> <!-- book-flight-module -->
</testng-results>
