<?xml version="1.0" encoding="UTF-8"?>
<!-- Generated by org.testng.reporters.JUnitXMLReporter -->
<testsuite hostname="MAYRLON-PC" ignored="0" name="book-flight-2" tests="5" failures="0" timestamp="2019-12-01T16:09:40 BRT" time="8.974" errors="0">
  <testcase name="registrationPage" time="4.261" classname="com.newtours.tests.BookFlightTest"/>
  <testcase name="registrationConfirmationPage" time="0.707" classname="com.newtours.tests.BookFlightTest"/>
  <testcase name="flightDetailsPage" time="0.759" classname="com.newtours.tests.BookFlightTest"/>
  <testcase name="findFlightPage" time="2.114" classname="com.newtours.tests.BookFlightTest"/>
  <testcase name="flightConfirmationPage" time="0.96" classname="com.newtours.tests.BookFlightTest"/>
</testsuite> <!-- book-flight-2 -->
