<?xml version="1.0" encoding="UTF-8"?>
<!-- Generated by org.testng.reporters.JUnitXMLReporter -->
<testsuite hostname="MAYRLON-PC" ignored="0" name="book-flight-4" tests="5" failures="0" timestamp="2019-12-01T16:09:57 BRT" time="8.579" errors="0">
  <testcase name="registrationPage" time="4.416" classname="com.newtours.tests.BookFlightTest"/>
  <testcase name="registrationConfirmationPage" time="0.7" classname="com.newtours.tests.BookFlightTest"/>
  <testcase name="flightDetailsPage" time="0.771" classname="com.newtours.tests.BookFlightTest"/>
  <testcase name="findFlightPage" time="1.7" classname="com.newtours.tests.BookFlightTest"/>
  <testcase name="flightConfirmationPage" time="0.928" classname="com.newtours.tests.BookFlightTest"/>
</testsuite> <!-- book-flight-4 -->
